<?xml version="1.0" encoding="UTF-8" ?>
<testsuite tests="10" failures="0" name="fr.univavignon.pokedex.api.IPodexTest" time="2.17" errors="0" skipped="0">
  <properties>
    <property name="idea.version" value="2022.2.2"/>
    <property name="java.runtime.name" value="Java(TM) SE Runtime Environment"/>
    <property name="java.vm.version" value="17.0.4.1+1-LTS-2"/>
    <property name="sun.boot.library.path" value="C:\Program Files\Java\jdk-17.0.4.1\bin"/>
    <property name="maven.multiModuleProjectDirectory" value="D:\Documents\TP_TECH_TEST\TP1\ceri-m1-techniques-de-test"/>
    <property name="java.vm.vendor" value="Oracle Corporation"/>
    <property name="java.vendor.url" value="https://java.oracle.com/"/>
    <property name="guice.disable.misplaced.annotation.check" value="true"/>
    <property name="path.separator" value=";"/>
    <property name="java.vm.name" value="Java HotSpot(TM) 64-Bit Server VM"/>
    <property name="sun.os.patch.level" value=""/>
    <property name="user.script" value=""/>
    <property name="user.country" value="FR"/>
    <property name="sun.java.launcher" value="SUN_STANDARD"/>
    <property name="java.vm.specification.name" value="Java Virtual Machine Specification"/>
    <property name="user.dir" value="D:\Documents\TP_TECH_TEST\TP1\ceri-m1-techniques-de-test"/>
    <property name="java.vm.compressedOopsMode" value="32-bit"/>
    <property name="java.runtime.version" value="17.0.4.1+1-LTS-2"/>
    <property name="os.arch" value="amd64"/>
    <property name="java.io.tmpdir" value="C:\Users\33668\AppData\Local\Temp\"/>
    <property name="line.separator" value="
"/>
    <property name="java.vm.specification.vendor" value="Oracle Corporation"/>
    <property name="user.variant" value=""/>
    <property name="os.name" value="Windows 11"/>
    <property name="maven.ext.class.path" value="D:\JetBrains\IntelliJ IDEA Educational Edition 2022.2.2\plugins\maven\lib\maven-event-listener.jar"/>
    <property name="classworlds.conf" value="D:\JetBrains\IntelliJ IDEA Educational Edition 2022.2.2\plugins\maven\lib\maven3\bin\m2.conf"/>
    <property name="sun.jnu.encoding" value="Cp1252"/>
    <property name="java.library.path" value="C:\Program Files\Java\jdk-17.0.4.1\bin;C:\WINDOWS\Sun\Java\bin;C:\WINDOWS\system32;C:\WINDOWS;C:\Program Files\Common Files\Oracle\Java\javapath;C:\windows\system32;C:\windows;C:\windows\System32\Wbem;C:\windows\System32\WindowsPowerShell\v1.0\;C:\windows\System32\OpenSSH\;C:\Program Files\Microsoft VS Code\bin;C:\Program Files\Git\cmd;C:\xampp\php;D:\Downloads\cmake-3.22.0-windows-x86_64\bin;C:\Program Files\Java\jdk-17.0.4.1\bin;C:\WINDOWS\system32;C:\WINDOWS;C:\WINDOWS\System32\Wbem;C:\WINDOWS\System32\WindowsPowerShell\v1.0\;C:\WINDOWS\System32\OpenSSH\;C:\wamp64\bin\php\php5.6.40;C:\cygwin64\bin;C:\MinGW\bin;C:\Users\33668\AppData\Roaming\nvm;C:\Program Files\nodejs;C:\Program Files\nodejs\;C:\Program Files\ZeroC\Ice-3.7.10\bin;C:\Program Files\Java\jdk-19\bin;C:\Program Files\VideoLAN\VLC;C:\Users\33668\AppData\Local\Programs\Python\Python312\Scripts\;C:\Users\33668\AppData\Local\Programs\Python\Python312\;C:\Users\33668\AppData\Local\Android\Sdk\platform-tools;C:\Users\33668\AppData\Local\Android\Sdk\tools;C:\Users\33668\AppData\Local\Microsoft\WindowsApps;C:\Program Files\PostgreSQL\13\bin;C:\Program Files\PostgreSQL\13\lib;C:\Program Files\JetBrains\IntelliJ IDEA 2021.3.2\bin;;C:\Users\33668\.m2\wrapper\dists\apache-maven-3.8.6-bin\1ks0nkde5v1pk9vtc31i9d0lcd\apache-maven-3.8.6\bin;C:\wamp64\bin\php\php8.1.0;C:\ProgramData\ComposerSetup\bin;D:\Documents\win64;C:\modeltech64_10.6d\win64;D:\JetBrains\IntelliJ IDEA Educational Edition 2022.2.2\bin;;C:\Users\33668\AppData\Roaming\nvm;C:\Program Files\nodejs;VLC_PATH;;."/>
    <property name="maven.conf" value="D:\JetBrains\IntelliJ IDEA Educational Edition 2022.2.2\plugins\maven\lib\maven3/conf"/>
    <property name="jdk.debug" value="release"/>
    <property name="java.class.version" value="61.0"/>
    <property name="java.specification.name" value="Java Platform API Specification"/>
    <property name="sun.management.compiler" value="HotSpot 64-Bit Tiered Compilers"/>
    <property name="os.version" value="10.0"/>
    <property name="user.home" value="C:\Users\33668"/>
    <property name="user.timezone" value="Europe/Paris"/>
    <property name="file.encoding" value="UTF-8"/>
    <property name="java.specification.version" value="17"/>
    <property name="user.name" value="33668"/>
    <property name="java.class.path" value="D:\JetBrains\IntelliJ IDEA Educational Edition 2022.2.2\plugins\maven\lib\maven3\boot\plexus-classworlds-2.6.0.jar;D:\JetBrains\IntelliJ IDEA Educational Edition 2022.2.2\plugins\maven\lib\maven3\boot\plexus-classworlds.license"/>
    <property name="java.vm.specification.version" value="17"/>
    <property name="sun.arch.data.model" value="64"/>
    <property name="sun.java.command" value="org.codehaus.classworlds.Launcher -Didea.version=2022.2.2 test"/>
    <property name="java.home" value="C:\Program Files\Java\jdk-17.0.4.1"/>
    <property name="user.language" value="fr"/>
    <property name="java.specification.vendor" value="Oracle Corporation"/>
    <property name="java.vm.info" value="mixed mode, sharing"/>
    <property name="java.version" value="17.0.4.1"/>
    <property name="native.encoding" value="Cp1252"/>
    <property name="java.vendor" value="Oracle Corporation"/>
    <property name="maven.home" value="D:\JetBrains\IntelliJ IDEA Educational Edition 2022.2.2\plugins\maven\lib\maven3"/>
    <property name="file.separator" value="\"/>
    <property name="java.version.date" value="2022-08-18"/>
    <property name="java.vendor.url.bug" value="https://bugreport.java.com/bugreport/"/>
    <property name="sun.io.unicode.encoding" value="UnicodeLittle"/>
    <property name="sun.cpu.endian" value="little"/>
    <property name="sun.cpu.isalist" value="amd64"/>
  </properties>
  <testcase classname="fr.univavignon.pokedex.api.IPodexTest" name="givenInvalidIndexExceptionThrows" time="2.12"/>
  <testcase classname="fr.univavignon.pokedex.api.IPodexTest" name="testGetPokemonFailure" time="0"/>
  <testcase classname="fr.univavignon.pokedex.api.IPodexTest" name="testSize" time="0.019"/>
  <testcase classname="fr.univavignon.pokedex.api.IPodexTest" name="testUnmodifiableGetPokemonsList" time="0.006"/>
  <testcase classname="fr.univavignon.pokedex.api.IPodexTest" name="testGetPokemonsSortedAndUnmodifiable" time="0.013"/>
  <testcase classname="fr.univavignon.pokedex.api.IPodexTest" name="testSizeWithAddCall" time="0.001"/>
  <testcase classname="fr.univavignon.pokedex.api.IPodexTest" name="testAddPokemon" time="0.002"/>
  <testcase classname="fr.univavignon.pokedex.api.IPodexTest" name="testAddPokemonAndSizeCheck" time="0.001"/>
  <testcase classname="fr.univavignon.pokedex.api.IPodexTest" name="testGetPokemonsReturnsCorrectList" time="0.002"/>
  <testcase classname="fr.univavignon.pokedex.api.IPodexTest" name="testGetPokemonSuccess" time="0.006"/>
</testsuite>